This file contains any messages produced by compilers while
running configure, to aid debugging if configure makes a mistake.

It was created by Xdelta3 configure 3.1.1, which was
generated by GNU Autoconf 2.69.  Invocation command line was

  $ ./configure 

## --------- ##
## Platform. ##
## --------- ##

hostname = ubuntu18-workstation
uname -m = x86_64
uname -r = 4.15.0-194-generic
uname -s = Linux
uname -v = #205-Ubuntu SMP Fri Sep 16 19:49:27 UTC 2022

/usr/bin/uname -p = unknown
/bin/uname -X     = unknown

/bin/arch              = unknown
/usr/bin/arch -k       = unknown
/usr/convex/getsysinfo = unknown
/usr/bin/hostinfo      = unknown
/bin/machine           = unknown
/usr/bin/oslevel       = unknown
/bin/universe          = unknown

PATH: /usr/local/sbin
PATH: /usr/local/bin
PATH: /usr/sbin
PATH: /usr/bin
PATH: /sbin
PATH: /bin
PATH: /usr/games
PATH: /usr/local/games
PATH: /snap/bin


## ----------- ##
## Core tests. ##
## ----------- ##

configure:2609: checking build system type
configure:2623: result: x86_64-pc-linux-gnu
configure:2643: checking host system type
configure:2656: result: x86_64-pc-linux-gnu
configure:2697: checking how to print strings
configure:2724: result: printf
configure:2796: checking for gcc
configure:2812: found /usr/bin/gcc
configure:2823: result: gcc
configure:3052: checking for C compiler version
configure:3061: gcc --version >&5
gcc (Ubuntu 7.5.0-3ubuntu1~18.04) 7.5.0
Copyright (C) 2017 Free Software Foundation, Inc.
This is free software; see the source for copying conditions.  There is NO
warranty; not even for MERCHANTABILITY or FITNESS FOR A PARTICULAR PURPOSE.

configure:3072: $? = 0
configure:3061: gcc -v >&5
Using built-in specs.
COLLECT_GCC=gcc
COLLECT_LTO_WRAPPER=/usr/lib/gcc/x86_64-linux-gnu/7/lto-wrapper
OFFLOAD_TARGET_NAMES=nvptx-none
OFFLOAD_TARGET_DEFAULT=1
Target: x86_64-linux-gnu
Configured with: ../src/configure -v --with-pkgversion='Ubuntu 7.5.0-3ubuntu1~18.04' --with-bugurl=file:///usr/share/doc/gcc-7/README.Bugs --enable-languages=c,ada,c++,go,brig,d,fortran,objc,obj-c++ --prefix=/usr --with-gcc-major-version-only --program-suffix=-7 --program-prefix=x86_64-linux-gnu- --enable-shared --enable-linker-build-id --libexecdir=/usr/lib --without-included-gettext --enable-threads=posix --libdir=/usr/lib --enable-nls --enable-bootstrap --enable-clocale=gnu --enable-libstdcxx-debug --enable-libstdcxx-time=yes --with-default-libstdcxx-abi=new --enable-gnu-unique-object --disable-vtable-verify --enable-libmpx --enable-plugin --enable-default-pie --with-system-zlib --with-target-system-zlib --enable-objc-gc=auto --enable-multiarch --disable-werror --with-arch-32=i686 --with-abi=m64 --with-multilib-list=m32,m64,mx32 --enable-multilib --with-tune=generic --enable-offload-targets=nvptx-none --without-cuda-driver --enable-checking=release --build=x86_64-linux-gnu --host=x86_64-linux-gnu --target=x86_64-linux-gnu
Thread model: posix
gcc version 7.5.0 (Ubuntu 7.5.0-3ubuntu1~18.04) 
configure:3072: $? = 0
configure:3061: gcc -V >&5
gcc: error: unrecognized command line option '-V'
gcc: fatal error: no input files
compilation terminated.
configure:3072: $? = 1
configure:3061: gcc -qversion >&5
gcc: error: unrecognized command line option '-qversion'; did you mean '--version'?
gcc: fatal error: no input files
compilation terminated.
configure:3072: $? = 1
configure:3092: checking whether the C compiler works
configure:3114: gcc -w   conftest.c  >&5
configure:3118: $? = 0
configure:3166: result: yes
configure:3169: checking for C compiler default output file name
configure:3171: result: a.out
configure:3177: checking for suffix of executables
configure:3184: gcc -o conftest -w   conftest.c  >&5
configure:3188: $? = 0
configure:3210: result: 
configure:3232: checking whether we are cross compiling
configure:3240: gcc -o conftest -w   conftest.c  >&5
configure:3244: $? = 0
configure:3251: ./conftest
configure:3255: $? = 0
configure:3270: result: no
configure:3275: checking for suffix of object files
configure:3297: gcc -c -w  conftest.c >&5
configure:3301: $? = 0
configure:3322: result: o
configure:3326: checking whether we are using the GNU C compiler
configure:3345: gcc -c -w  conftest.c >&5
configure:3345: $? = 0
configure:3354: result: yes
configure:3363: checking whether gcc accepts -g
configure:3383: gcc -c -g  conftest.c >&5
configure:3383: $? = 0
configure:3424: result: yes
configure:3441: checking for gcc option to accept ISO C89
configure:3504: gcc  -c -w  conftest.c >&5
configure:3504: $? = 0
configure:3517: result: none needed
configure:3542: checking whether gcc understands -c and -o together
configure:3564: gcc -c conftest.c -o conftest2.o
configure:3567: $? = 0
configure:3564: gcc -c conftest.c -o conftest2.o
configure:3567: $? = 0
configure:3579: result: yes
configure:3596: checking for a sed that does not truncate output
configure:3660: result: /bin/sed
configure:3678: checking for grep that handles long lines and -e
configure:3736: result: /bin/grep
configure:3741: checking for egrep
configure:3803: result: /bin/grep -E
configure:3808: checking for fgrep
configure:3870: result: /bin/grep -F
configure:3905: checking for ld used by gcc
configure:3972: result: /usr/bin/ld
configure:3979: checking if the linker (/usr/bin/ld) is GNU ld
configure:3994: result: yes
configure:4006: checking for BSD- or MS-compatible name lister (nm)
configure:4060: result: /usr/bin/nm -B
configure:4190: checking the name lister (/usr/bin/nm -B) interface
configure:4197: gcc -c -w  conftest.c >&5
configure:4200: /usr/bin/nm -B "conftest.o"
configure:4203: output
0000000000000000 B some_variable
configure:4210: result: BSD nm
configure:4213: checking whether ln -s works
configure:4217: result: yes
configure:4225: checking the maximum length of command line arguments
configure:4356: result: 1572864
configure:4404: checking how to convert x86_64-pc-linux-gnu file names to x86_64-pc-linux-gnu format
configure:4444: result: func_convert_file_noop
configure:4451: checking how to convert x86_64-pc-linux-gnu file names to toolchain format
configure:4471: result: func_convert_file_noop
configure:4478: checking for /usr/bin/ld option to reload object files
configure:4485: result: -r
configure:4559: checking for objdump
configure:4575: found /usr/bin/objdump
configure:4586: result: objdump
configure:4618: checking how to recognize dependent libraries
configure:4818: result: pass_all
configure:4903: checking for dlltool
configure:4933: result: no
configure:4963: checking how to associate runtime and link libraries
configure:4990: result: printf %s\n
configure:5051: checking for ar
configure:5067: found /usr/bin/ar
configure:5078: result: ar
configure:5115: checking for archiver @FILE support
configure:5132: gcc -c -w  conftest.c >&5
configure:5132: $? = 0
configure:5135: ar cru libconftest.a @conftest.lst >&5
ar: `u' modifier ignored since `D' is the default (see `U')
configure:5138: $? = 0
configure:5143: ar cru libconftest.a @conftest.lst >&5
ar: `u' modifier ignored since `D' is the default (see `U')
ar: conftest.o: No such file or directory
configure:5146: $? = 1
configure:5158: result: @
configure:5216: checking for strip
configure:5232: found /usr/bin/strip
configure:5243: result: strip
configure:5315: checking for ranlib
configure:5331: found /usr/bin/ranlib
configure:5342: result: ranlib
configure:5419: checking for gawk
configure:5435: found /usr/bin/gawk
configure:5446: result: gawk
configure:5486: checking command to parse /usr/bin/nm -B output from gcc object
configure:5639: gcc -c -w  conftest.c >&5
configure:5642: $? = 0
configure:5646: /usr/bin/nm -B conftest.o \| sed -n -e 's/^.*[ ]\([ABCDGIRSTW][ABCDGIRSTW]*\)[ ][ ]*\([_A-Za-z][_A-Za-z0-9]*\)$/\1 \2 \2/p' | sed '/ __gnu_lto/d' \> conftest.nm
configure:5649: $? = 0
configure:5715: gcc -o conftest -w   conftest.c conftstm.o >&5
configure:5718: $? = 0
configure:5756: result: ok
configure:5803: checking for sysroot
configure:5833: result: no
configure:5840: checking for a working dd
configure:5878: result: /bin/dd
configure:5882: checking how to truncate binary pipes
configure:5897: result: /bin/dd bs=4096 count=1
configure:6033: gcc -c -w  conftest.c >&5
configure:6036: $? = 0
configure:6226: checking for mt
configure:6242: found /bin/mt
configure:6253: result: mt
configure:6276: checking if mt is a manifest tool
configure:6282: mt '-?'
configure:6290: result: no
configure:6967: checking how to run the C preprocessor
configure:6998: gcc -E  conftest.c
configure:6998: $? = 0
configure:7012: gcc -E  conftest.c
conftest.c:9:10: fatal error: ac_nonexistent.h: No such file or directory
 #include <ac_nonexistent.h>
          ^~~~~~~~~~~~~~~~~~
compilation terminated.
configure:7012: $? = 1
configure: failed program was:
| /* confdefs.h */
| #define PACKAGE_NAME "Xdelta3"
| #define PACKAGE_TARNAME "xdelta3"
| #define PACKAGE_VERSION "3.1.1"
| #define PACKAGE_STRING "Xdelta3 3.1.1"
| #define PACKAGE_BUGREPORT "josh.macdonald@gmail.com"
| #define PACKAGE_URL "http://xdelta.org/"
| /* end confdefs.h.  */
| #include <ac_nonexistent.h>
configure:7037: result: gcc -E
configure:7057: gcc -E  conftest.c
configure:7057: $? = 0
configure:7071: gcc -E  conftest.c
conftest.c:9:10: fatal error: ac_nonexistent.h: No such file or directory
 #include <ac_nonexistent.h>
          ^~~~~~~~~~~~~~~~~~
compilation terminated.
configure:7071: $? = 1
configure: failed program was:
| /* confdefs.h */
| #define PACKAGE_NAME "Xdelta3"
| #define PACKAGE_TARNAME "xdelta3"
| #define PACKAGE_VERSION "3.1.1"
| #define PACKAGE_STRING "Xdelta3 3.1.1"
| #define PACKAGE_BUGREPORT "josh.macdonald@gmail.com"
| #define PACKAGE_URL "http://xdelta.org/"
| /* end confdefs.h.  */
| #include <ac_nonexistent.h>
configure:7100: checking for ANSI C header files
configure:7120: gcc -c -w  conftest.c >&5
configure:7120: $? = 0
configure:7193: gcc -o conftest -w   conftest.c  >&5
configure:7193: $? = 0
configure:7193: ./conftest
configure:7193: $? = 0
configure:7204: result: yes
configure:7217: checking for sys/types.h
configure:7217: gcc -c -w  conftest.c >&5
configure:7217: $? = 0
configure:7217: result: yes
configure:7217: checking for sys/stat.h
configure:7217: gcc -c -w  conftest.c >&5
configure:7217: $? = 0
configure:7217: result: yes
configure:7217: checking for stdlib.h
configure:7217: gcc -c -w  conftest.c >&5
configure:7217: $? = 0
configure:7217: result: yes
configure:7217: checking for string.h
configure:7217: gcc -c -w  conftest.c >&5
configure:7217: $? = 0
configure:7217: result: yes
configure:7217: checking for memory.h
configure:7217: gcc -c -w  conftest.c >&5
configure:7217: $? = 0
configure:7217: result: yes
configure:7217: checking for strings.h
configure:7217: gcc -c -w  conftest.c >&5
configure:7217: $? = 0
configure:7217: result: yes
configure:7217: checking for inttypes.h
configure:7217: gcc -c -w  conftest.c >&5
configure:7217: $? = 0
configure:7217: result: yes
configure:7217: checking for stdint.h
configure:7217: gcc -c -w  conftest.c >&5
configure:7217: $? = 0
configure:7217: result: yes
configure:7217: checking for unistd.h
configure:7217: gcc -c -w  conftest.c >&5
configure:7217: $? = 0
configure:7217: result: yes
configure:7231: checking for dlfcn.h
configure:7231: gcc -c -w  conftest.c >&5
configure:7231: $? = 0
configure:7231: result: yes
configure:7487: checking for objdir
configure:7502: result: .libs
configure:7766: checking if gcc supports -fno-rtti -fno-exceptions
configure:7784: gcc -c -w  -fno-rtti -fno-exceptions conftest.c >&5
configure:7788: $? = 0
configure:7801: result: yes
configure:8159: checking for gcc option to produce PIC
configure:8166: result: -fPIC -DPIC
configure:8174: checking if gcc PIC flag -fPIC -DPIC works
configure:8192: gcc -c -w  -fPIC -DPIC -DPIC conftest.c >&5
configure:8196: $? = 0
configure:8209: result: yes
configure:8238: checking if gcc static flag -static works
configure:8266: result: yes
configure:8281: checking if gcc supports -c -o file.o
configure:8302: gcc -c -w  -o out/conftest2.o conftest.c >&5
configure:8306: $? = 0
configure:8328: result: yes
configure:8336: checking if gcc supports -c -o file.o
configure:8383: result: yes
configure:8416: checking whether the gcc linker (/usr/bin/ld -m elf_x86_64) supports shared libraries
configure:9679: result: yes
configure:9716: checking whether -lc should be explicitly linked in
configure:9724: gcc -c -w  conftest.c >&5
configure:9727: $? = 0
configure:9742: gcc -shared  -fPIC -DPIC conftest.o  -v -Wl,-soname -Wl,conftest -o conftest 2\>\&1 \| /bin/grep  -lc  \>/dev/null 2\>\&1
configure:9745: $? = 0
configure:9759: result: no
configure:9919: checking dynamic linker characteristics
configure:10500: gcc -o conftest -w   -Wl,-rpath -Wl,/foo conftest.c  >&5
configure:10500: $? = 0
configure:10749: result: GNU/Linux ld.so
configure:10871: checking how to hardcode library paths into programs
configure:10896: result: immediate
configure:11444: checking whether stripping libraries is possible
configure:11449: result: yes
configure:11484: checking if libtool supports shared libraries
configure:11486: result: yes
configure:11489: checking whether to build shared libraries
configure:11514: result: yes
configure:11517: checking whether to build static libraries
configure:11521: result: yes
configure:11574: checking for a BSD-compatible install
configure:11642: result: /usr/bin/install -c
configure:11653: checking whether build environment is sane
configure:11708: result: yes
configure:11856: checking for a thread-safe mkdir -p
configure:11895: result: /bin/mkdir -p
configure:11898: checking whether make sets $(MAKE)
configure:11920: result: yes
configure:11950: checking for style of include used by make
configure:11978: result: GNU
configure:12012: checking whether make supports nested variables
configure:12029: result: yes
configure:12109: checking whether UID '1000' is supported by ustar format
configure:12112: result: yes
configure:12119: checking whether GID '1000' is supported by ustar format
configure:12122: result: yes
configure:12130: checking how to create a ustar tar archive
configure:12141: tar --version
tar (GNU tar) 1.29
Copyright (C) 2015 Free Software Foundation, Inc.
License GPLv3+: GNU GPL version 3 or later <http://gnu.org/licenses/gpl.html>.
This is free software: you are free to change and redistribute it.
There is NO WARRANTY, to the extent permitted by law.

Written by John Gilmore and Jay Fenlason.
configure:12144: $? = 0
configure:12184: tardir=conftest.dir && eval tar --format=ustar -chf - "$tardir" >conftest.tar
configure:12187: $? = 0
configure:12191: tar -xf - <conftest.tar
configure:12194: $? = 0
configure:12196: cat conftest.dir/file
GrepMe
configure:12199: $? = 0
configure:12212: result: gnutar
configure:12221: checking dependency style of gcc
configure:12332: result: gcc3
configure:12392: checking if pointers to integers require aligned access
configure:12422: gcc -o conftest -w   conftest.c  >&5
conftest.c: In function 'main':
conftest.c:29:33: error: expected expression before '[' token
   for (i=0; i < 40; i++) string[[i]] = i;
                                 ^
configure:12422: $? = 1
configure: program exited with status 1
configure: failed program was:
| /* confdefs.h */
| #define PACKAGE_NAME "Xdelta3"
| #define PACKAGE_TARNAME "xdelta3"
| #define PACKAGE_VERSION "3.1.1"
| #define PACKAGE_STRING "Xdelta3 3.1.1"
| #define PACKAGE_BUGREPORT "josh.macdonald@gmail.com"
| #define PACKAGE_URL "http://xdelta.org/"
| #define STDC_HEADERS 1
| #define HAVE_SYS_TYPES_H 1
| #define HAVE_SYS_STAT_H 1
| #define HAVE_STDLIB_H 1
| #define HAVE_STRING_H 1
| #define HAVE_MEMORY_H 1
| #define HAVE_STRINGS_H 1
| #define HAVE_INTTYPES_H 1
| #define HAVE_STDINT_H 1
| #define HAVE_UNISTD_H 1
| #define HAVE_DLFCN_H 1
| #define LT_OBJDIR ".libs/"
| /* end confdefs.h.  */
| 
| #include <stdio.h>
| #include <stdlib.h>
| 
| int main()
| {
|   char* string = malloc(40);
|   int i;
|   for (i=0; i < 40; i++) string[[i]] = i;
|   {
|      void* s = string;
|      int* p = s+1;
|      int* q = s+2;
| 
|      if (*p == *q) { return 1; }
|   }
|   return 0;
| }
| 
configure:12433: result: no
configure:12489: checking for gcc
configure:12516: result: gcc
configure:12745: checking for C compiler version
configure:12754: gcc --version >&5
gcc (Ubuntu 7.5.0-3ubuntu1~18.04) 7.5.0
Copyright (C) 2017 Free Software Foundation, Inc.
This is free software; see the source for copying conditions.  There is NO
warranty; not even for MERCHANTABILITY or FITNESS FOR A PARTICULAR PURPOSE.

configure:12765: $? = 0
configure:12754: gcc -v >&5
Using built-in specs.
COLLECT_GCC=gcc
COLLECT_LTO_WRAPPER=/usr/lib/gcc/x86_64-linux-gnu/7/lto-wrapper
OFFLOAD_TARGET_NAMES=nvptx-none
OFFLOAD_TARGET_DEFAULT=1
Target: x86_64-linux-gnu
Configured with: ../src/configure -v --with-pkgversion='Ubuntu 7.5.0-3ubuntu1~18.04' --with-bugurl=file:///usr/share/doc/gcc-7/README.Bugs --enable-languages=c,ada,c++,go,brig,d,fortran,objc,obj-c++ --prefix=/usr --with-gcc-major-version-only --program-suffix=-7 --program-prefix=x86_64-linux-gnu- --enable-shared --enable-linker-build-id --libexecdir=/usr/lib --without-included-gettext --enable-threads=posix --libdir=/usr/lib --enable-nls --enable-bootstrap --enable-clocale=gnu --enable-libstdcxx-debug --enable-libstdcxx-time=yes --with-default-libstdcxx-abi=new --enable-gnu-unique-object --disable-vtable-verify --enable-libmpx --enable-plugin --enable-default-pie --with-system-zlib --with-target-system-zlib --enable-objc-gc=auto --enable-multiarch --disable-werror --with-arch-32=i686 --with-abi=m64 --with-multilib-list=m32,m64,mx32 --enable-multilib --with-tune=generic --enable-offload-targets=nvptx-none --without-cuda-driver --enable-checking=release --build=x86_64-linux-gnu --host=x86_64-linux-gnu --target=x86_64-linux-gnu
Thread model: posix
gcc version 7.5.0 (Ubuntu 7.5.0-3ubuntu1~18.04) 
configure:12765: $? = 0
configure:12754: gcc -V >&5
gcc: error: unrecognized command line option '-V'
gcc: fatal error: no input files
compilation terminated.
configure:12765: $? = 1
configure:12754: gcc -qversion >&5
gcc: error: unrecognized command line option '-qversion'; did you mean '--version'?
gcc: fatal error: no input files
compilation terminated.
configure:12765: $? = 1
configure:12769: checking whether we are using the GNU C compiler
configure:12797: result: yes
configure:12806: checking whether gcc accepts -g
configure:12867: result: yes
configure:12884: checking for gcc option to accept ISO C89
configure:12960: result: none needed
configure:12985: checking whether gcc understands -c and -o together
configure:13022: result: yes
configure:13097: checking for g++
configure:13113: found /usr/bin/g++
configure:13124: result: g++
configure:13151: checking for C++ compiler version
configure:13160: g++ --version >&5
g++ (Ubuntu 7.5.0-3ubuntu1~18.04) 7.5.0
Copyright (C) 2017 Free Software Foundation, Inc.
This is free software; see the source for copying conditions.  There is NO
warranty; not even for MERCHANTABILITY or FITNESS FOR A PARTICULAR PURPOSE.

configure:13171: $? = 0
configure:13160: g++ -v >&5
Using built-in specs.
COLLECT_GCC=g++
COLLECT_LTO_WRAPPER=/usr/lib/gcc/x86_64-linux-gnu/7/lto-wrapper
OFFLOAD_TARGET_NAMES=nvptx-none
OFFLOAD_TARGET_DEFAULT=1
Target: x86_64-linux-gnu
Configured with: ../src/configure -v --with-pkgversion='Ubuntu 7.5.0-3ubuntu1~18.04' --with-bugurl=file:///usr/share/doc/gcc-7/README.Bugs --enable-languages=c,ada,c++,go,brig,d,fortran,objc,obj-c++ --prefix=/usr --with-gcc-major-version-only --program-suffix=-7 --program-prefix=x86_64-linux-gnu- --enable-shared --enable-linker-build-id --libexecdir=/usr/lib --without-included-gettext --enable-threads=posix --libdir=/usr/lib --enable-nls --enable-bootstrap --enable-clocale=gnu --enable-libstdcxx-debug --enable-libstdcxx-time=yes --with-default-libstdcxx-abi=new --enable-gnu-unique-object --disable-vtable-verify --enable-libmpx --enable-plugin --enable-default-pie --with-system-zlib --with-target-system-zlib --enable-objc-gc=auto --enable-multiarch --disable-werror --with-arch-32=i686 --with-abi=m64 --with-multilib-list=m32,m64,mx32 --enable-multilib --with-tune=generic --enable-offload-targets=nvptx-none --without-cuda-driver --enable-checking=release --build=x86_64-linux-gnu --host=x86_64-linux-gnu --target=x86_64-linux-gnu
Thread model: posix
gcc version 7.5.0 (Ubuntu 7.5.0-3ubuntu1~18.04) 
configure:13171: $? = 0
configure:13160: g++ -V >&5
g++: error: unrecognized command line option '-V'
g++: fatal error: no input files
compilation terminated.
configure:13171: $? = 1
configure:13160: g++ -qversion >&5
g++: error: unrecognized command line option '-qversion'; did you mean '--version'?
g++: fatal error: no input files
compilation terminated.
configure:13171: $? = 1
configure:13175: checking whether we are using the GNU C++ compiler
configure:13194: g++ -c -w  conftest.cpp >&5
configure:13194: $? = 0
configure:13203: result: yes
configure:13212: checking whether g++ accepts -g
configure:13232: g++ -c -g  conftest.cpp >&5
configure:13232: $? = 0
configure:13273: result: yes
configure:13314: checking how to run the C++ preprocessor
configure:13341: g++ -E  conftest.cpp
configure:13341: $? = 0
configure:13355: g++ -E  conftest.cpp
conftest.cpp:21:10: fatal error: ac_nonexistent.h: No such file or directory
 #include <ac_nonexistent.h>
          ^~~~~~~~~~~~~~~~~~
compilation terminated.
configure:13355: $? = 1
configure: failed program was:
| /* confdefs.h */
| #define PACKAGE_NAME "Xdelta3"
| #define PACKAGE_TARNAME "xdelta3"
| #define PACKAGE_VERSION "3.1.1"
| #define PACKAGE_STRING "Xdelta3 3.1.1"
| #define PACKAGE_BUGREPORT "josh.macdonald@gmail.com"
| #define PACKAGE_URL "http://xdelta.org/"
| #define STDC_HEADERS 1
| #define HAVE_SYS_TYPES_H 1
| #define HAVE_SYS_STAT_H 1
| #define HAVE_STDLIB_H 1
| #define HAVE_STRING_H 1
| #define HAVE_MEMORY_H 1
| #define HAVE_STRINGS_H 1
| #define HAVE_INTTYPES_H 1
| #define HAVE_STDINT_H 1
| #define HAVE_UNISTD_H 1
| #define HAVE_DLFCN_H 1
| #define LT_OBJDIR ".libs/"
| /* end confdefs.h.  */
| #include <ac_nonexistent.h>
configure:13380: result: g++ -E
configure:13400: g++ -E  conftest.cpp
configure:13400: $? = 0
configure:13414: g++ -E  conftest.cpp
conftest.cpp:21:10: fatal error: ac_nonexistent.h: No such file or directory
 #include <ac_nonexistent.h>
          ^~~~~~~~~~~~~~~~~~
compilation terminated.
configure:13414: $? = 1
configure: failed program was:
| /* confdefs.h */
| #define PACKAGE_NAME "Xdelta3"
| #define PACKAGE_TARNAME "xdelta3"
| #define PACKAGE_VERSION "3.1.1"
| #define PACKAGE_STRING "Xdelta3 3.1.1"
| #define PACKAGE_BUGREPORT "josh.macdonald@gmail.com"
| #define PACKAGE_URL "http://xdelta.org/"
| #define STDC_HEADERS 1
| #define HAVE_SYS_TYPES_H 1
| #define HAVE_SYS_STAT_H 1
| #define HAVE_STDLIB_H 1
| #define HAVE_STRING_H 1
| #define HAVE_MEMORY_H 1
| #define HAVE_STRINGS_H 1
| #define HAVE_INTTYPES_H 1
| #define HAVE_STDINT_H 1
| #define HAVE_UNISTD_H 1
| #define HAVE_DLFCN_H 1
| #define LT_OBJDIR ".libs/"
| /* end confdefs.h.  */
| #include <ac_nonexistent.h>
configure:13576: checking for ld used by g++
configure:13643: result: /usr/bin/ld -m elf_x86_64
configure:13650: checking if the linker (/usr/bin/ld -m elf_x86_64) is GNU ld
configure:13665: result: yes
configure:13720: checking whether the g++ linker (/usr/bin/ld -m elf_x86_64) supports shared libraries
configure:14793: result: yes
configure:14829: g++ -c -w  conftest.cpp >&5
configure:14832: $? = 0
configure:15313: checking for g++ option to produce PIC
configure:15320: result: -fPIC -DPIC
configure:15328: checking if g++ PIC flag -fPIC -DPIC works
configure:15346: g++ -c -w  -fPIC -DPIC -DPIC conftest.cpp >&5
configure:15350: $? = 0
configure:15363: result: yes
configure:15386: checking if g++ static flag -static works
configure:15414: result: yes
configure:15426: checking if g++ supports -c -o file.o
configure:15447: g++ -c -w  -o out/conftest2.o conftest.cpp >&5
configure:15451: $? = 0
configure:15473: result: yes
configure:15478: checking if g++ supports -c -o file.o
configure:15525: result: yes
configure:15555: checking whether the g++ linker (/usr/bin/ld -m elf_x86_64) supports shared libraries
configure:15598: result: yes
configure:15739: checking dynamic linker characteristics
configure:16496: result: GNU/Linux ld.so
configure:16561: checking how to hardcode library paths into programs
configure:16586: result: immediate
configure:16628: checking dependency style of g++
configure:16739: result: gcc3
configure:16759: checking size of size_t
configure:16764: gcc -o conftest -w   conftest.c  >&5
configure:16764: $? = 0
configure:16764: ./conftest
configure:16764: $? = 0
configure:16778: result: 8
configure:16792: checking size of unsigned int
configure:16797: gcc -o conftest -w   conftest.c  >&5
configure:16797: $? = 0
configure:16797: ./conftest
configure:16797: $? = 0
configure:16811: result: 4
configure:16825: checking size of unsigned long
configure:16830: gcc -o conftest -w   conftest.c  >&5
configure:16830: $? = 0
configure:16830: ./conftest
configure:16830: $? = 0
configure:16844: result: 8
configure:16858: checking size of unsigned long long
configure:16863: gcc -o conftest -w   conftest.c  >&5
configure:16863: $? = 0
configure:16863: ./conftest
configure:16863: $? = 0
configure:16877: result: 8
configure:16900: checking lzma.h usability
configure:16900: gcc -c -w  conftest.c >&5
conftest.c:58:10: fatal error: lzma.h: No such file or directory
 #include <lzma.h>
          ^~~~~~~~
compilation terminated.
configure:16900: $? = 1
configure: failed program was:
| /* confdefs.h */
| #define PACKAGE_NAME "Xdelta3"
| #define PACKAGE_TARNAME "xdelta3"
| #define PACKAGE_VERSION "3.1.1"
| #define PACKAGE_STRING "Xdelta3 3.1.1"
| #define PACKAGE_BUGREPORT "josh.macdonald@gmail.com"
| #define PACKAGE_URL "http://xdelta.org/"
| #define STDC_HEADERS 1
| #define HAVE_SYS_TYPES_H 1
| #define HAVE_SYS_STAT_H 1
| #define HAVE_STDLIB_H 1
| #define HAVE_STRING_H 1
| #define HAVE_MEMORY_H 1
| #define HAVE_STRINGS_H 1
| #define HAVE_INTTYPES_H 1
| #define HAVE_STDINT_H 1
| #define HAVE_UNISTD_H 1
| #define HAVE_DLFCN_H 1
| #define LT_OBJDIR ".libs/"
| #define SIZEOF_SIZE_T 8
| #define SIZEOF_UNSIGNED_INT 4
| #define SIZEOF_UNSIGNED_LONG 8
| #define SIZEOF_UNSIGNED_LONG_LONG 8
| /* end confdefs.h.  */
| #include <stdio.h>
| #ifdef HAVE_SYS_TYPES_H
| # include <sys/types.h>
| #endif
| #ifdef HAVE_SYS_STAT_H
| # include <sys/stat.h>
| #endif
| #ifdef STDC_HEADERS
| # include <stdlib.h>
| # include <stddef.h>
| #else
| # ifdef HAVE_STDLIB_H
| #  include <stdlib.h>
| # endif
| #endif
| #ifdef HAVE_STRING_H
| # if !defined STDC_HEADERS && defined HAVE_MEMORY_H
| #  include <memory.h>
| # endif
| # include <string.h>
| #endif
| #ifdef HAVE_STRINGS_H
| # include <strings.h>
| #endif
| #ifdef HAVE_INTTYPES_H
| # include <inttypes.h>
| #endif
| #ifdef HAVE_STDINT_H
| # include <stdint.h>
| #endif
| #ifdef HAVE_UNISTD_H
| # include <unistd.h>
| #endif
| #include <lzma.h>
configure:16900: result: no
configure:16900: checking lzma.h presence
configure:16900: gcc -E  conftest.c
conftest.c:25:10: fatal error: lzma.h: No such file or directory
 #include <lzma.h>
          ^~~~~~~~
compilation terminated.
configure:16900: $? = 1
configure: failed program was:
| /* confdefs.h */
| #define PACKAGE_NAME "Xdelta3"
| #define PACKAGE_TARNAME "xdelta3"
| #define PACKAGE_VERSION "3.1.1"
| #define PACKAGE_STRING "Xdelta3 3.1.1"
| #define PACKAGE_BUGREPORT "josh.macdonald@gmail.com"
| #define PACKAGE_URL "http://xdelta.org/"
| #define STDC_HEADERS 1
| #define HAVE_SYS_TYPES_H 1
| #define HAVE_SYS_STAT_H 1
| #define HAVE_STDLIB_H 1
| #define HAVE_STRING_H 1
| #define HAVE_MEMORY_H 1
| #define HAVE_STRINGS_H 1
| #define HAVE_INTTYPES_H 1
| #define HAVE_STDINT_H 1
| #define HAVE_UNISTD_H 1
| #define HAVE_DLFCN_H 1
| #define LT_OBJDIR ".libs/"
| #define SIZEOF_SIZE_T 8
| #define SIZEOF_UNSIGNED_INT 4
| #define SIZEOF_UNSIGNED_LONG 8
| #define SIZEOF_UNSIGNED_LONG_LONG 8
| /* end confdefs.h.  */
| #include <lzma.h>
configure:16900: result: no
configure:16900: checking for lzma.h
configure:16900: result: no
configure:16918: checking for lzma_easy_buffer_encode in -llzma
configure:16943: gcc -o conftest -w   conftest.c -llzma   >&5
/usr/bin/ld: cannot find -llzma
collect2: error: ld returned 1 exit status
configure:16943: $? = 1
configure: failed program was:
| /* confdefs.h */
| #define PACKAGE_NAME "Xdelta3"
| #define PACKAGE_TARNAME "xdelta3"
| #define PACKAGE_VERSION "3.1.1"
| #define PACKAGE_STRING "Xdelta3 3.1.1"
| #define PACKAGE_BUGREPORT "josh.macdonald@gmail.com"
| #define PACKAGE_URL "http://xdelta.org/"
| #define STDC_HEADERS 1
| #define HAVE_SYS_TYPES_H 1
| #define HAVE_SYS_STAT_H 1
| #define HAVE_STDLIB_H 1
| #define HAVE_STRING_H 1
| #define HAVE_MEMORY_H 1
| #define HAVE_STRINGS_H 1
| #define HAVE_INTTYPES_H 1
| #define HAVE_STDINT_H 1
| #define HAVE_UNISTD_H 1
| #define HAVE_DLFCN_H 1
| #define LT_OBJDIR ".libs/"
| #define SIZEOF_SIZE_T 8
| #define SIZEOF_UNSIGNED_INT 4
| #define SIZEOF_UNSIGNED_LONG 8
| #define SIZEOF_UNSIGNED_LONG_LONG 8
| /* end confdefs.h.  */
| 
| /* Override any GCC internal prototype to avoid an error.
|    Use char because int might match the return type of a GCC
|    builtin and then its argument prototype would still apply.  */
| #ifdef __cplusplus
| extern "C"
| #endif
| char lzma_easy_buffer_encode ();
| int
| main ()
| {
| return lzma_easy_buffer_encode ();
|   ;
|   return 0;
| }
configure:16952: result: no
configure:17109: checking that generated files are newer than configure
configure:17115: result: done
configure:17146: creating ./config.status

## ---------------------- ##
## Running config.status. ##
## ---------------------- ##

This file was extended by Xdelta3 config.status 3.1.1, which was
generated by GNU Autoconf 2.69.  Invocation command line was

  CONFIG_FILES    = 
  CONFIG_HEADERS  = 
  CONFIG_LINKS    = 
  CONFIG_COMMANDS = 
  $ ./config.status 

on ubuntu18-workstation

config.status:1152: creating Makefile
config.status:1152: creating config.h
config.status:1381: executing libtool commands
config.status:1381: executing depfiles commands

## ---------------- ##
## Cache variables. ##
## ---------------- ##

ac_cv_build=x86_64-pc-linux-gnu
ac_cv_c_compiler_gnu=yes
ac_cv_cxx_compiler_gnu=yes
ac_cv_env_CCC_set=
ac_cv_env_CCC_value=
ac_cv_env_CC_set=
ac_cv_env_CC_value=
ac_cv_env_CFLAGS_set=set
ac_cv_env_CFLAGS_value=-w
ac_cv_env_CPPFLAGS_set=
ac_cv_env_CPPFLAGS_value=
ac_cv_env_CPP_set=
ac_cv_env_CPP_value=
ac_cv_env_CXXCPP_set=
ac_cv_env_CXXCPP_value=
ac_cv_env_CXXFLAGS_set=set
ac_cv_env_CXXFLAGS_value=-w
ac_cv_env_CXX_set=
ac_cv_env_CXX_value=
ac_cv_env_LDFLAGS_set=
ac_cv_env_LDFLAGS_value=
ac_cv_env_LIBS_set=
ac_cv_env_LIBS_value=
ac_cv_env_LT_SYS_LIBRARY_PATH_set=
ac_cv_env_LT_SYS_LIBRARY_PATH_value=
ac_cv_env_build_alias_set=
ac_cv_env_build_alias_value=
ac_cv_env_host_alias_set=
ac_cv_env_host_alias_value=
ac_cv_env_target_alias_set=
ac_cv_env_target_alias_value=
ac_cv_header_dlfcn_h=yes
ac_cv_header_inttypes_h=yes
ac_cv_header_lzma_h=no
ac_cv_header_memory_h=yes
ac_cv_header_stdc=yes
ac_cv_header_stdint_h=yes
ac_cv_header_stdlib_h=yes
ac_cv_header_string_h=yes
ac_cv_header_strings_h=yes
ac_cv_header_sys_stat_h=yes
ac_cv_header_sys_types_h=yes
ac_cv_header_unistd_h=yes
ac_cv_host=x86_64-pc-linux-gnu
ac_cv_lib_lzma_lzma_easy_buffer_encode=no
ac_cv_objext=o
ac_cv_path_EGREP='/bin/grep -E'
ac_cv_path_FGREP='/bin/grep -F'
ac_cv_path_GREP=/bin/grep
ac_cv_path_SED=/bin/sed
ac_cv_path_install='/usr/bin/install -c'
ac_cv_path_lt_DD=/bin/dd
ac_cv_path_mkdir=/bin/mkdir
ac_cv_prog_AWK=gawk
ac_cv_prog_CPP='gcc -E'
ac_cv_prog_CXXCPP='g++ -E'
ac_cv_prog_ac_ct_AR=ar
ac_cv_prog_ac_ct_CC=gcc
ac_cv_prog_ac_ct_CXX=g++
ac_cv_prog_ac_ct_MANIFEST_TOOL=mt
ac_cv_prog_ac_ct_OBJDUMP=objdump
ac_cv_prog_ac_ct_RANLIB=ranlib
ac_cv_prog_ac_ct_STRIP=strip
ac_cv_prog_cc_c89=
ac_cv_prog_cc_g=yes
ac_cv_prog_cxx_g=yes
ac_cv_prog_make_make_set=yes
ac_cv_sizeof_size_t=8
ac_cv_sizeof_unsigned_int=4
ac_cv_sizeof_unsigned_long=8
ac_cv_sizeof_unsigned_long_long=8
am_cv_CC_dependencies_compiler_type=gcc3
am_cv_CXX_dependencies_compiler_type=gcc3
am_cv_make_support_nested_variables=yes
am_cv_prog_cc_c_o=yes
am_cv_prog_tar_ustar=gnutar
ax_cv_have_aligned_access_required=no
lt_cv_ar_at_file=@
lt_cv_archive_cmds_need_lc=no
lt_cv_deplibs_check_method=pass_all
lt_cv_file_magic_cmd='$MAGIC_CMD'
lt_cv_file_magic_test_file=
lt_cv_ld_reload_flag=-r
lt_cv_nm_interface='BSD nm'
lt_cv_objdir=.libs
lt_cv_path_LD=/usr/bin/ld
lt_cv_path_LDCXX='/usr/bin/ld -m elf_x86_64'
lt_cv_path_NM='/usr/bin/nm -B'
lt_cv_path_mainfest_tool=no
lt_cv_prog_compiler_c_o=yes
lt_cv_prog_compiler_c_o_CXX=yes
lt_cv_prog_compiler_pic='-fPIC -DPIC'
lt_cv_prog_compiler_pic_CXX='-fPIC -DPIC'
lt_cv_prog_compiler_pic_works=yes
lt_cv_prog_compiler_pic_works_CXX=yes
lt_cv_prog_compiler_rtti_exceptions=yes
lt_cv_prog_compiler_static_works=yes
lt_cv_prog_compiler_static_works_CXX=yes
lt_cv_prog_gnu_ld=yes
lt_cv_prog_gnu_ldcxx=yes
lt_cv_sharedlib_from_linklib_cmd='printf %s\n'
lt_cv_shlibpath_overrides_runpath=yes
lt_cv_sys_global_symbol_pipe='sed -n -e '\''s/^.*[	 ]\([ABCDGIRSTW][ABCDGIRSTW]*\)[	 ][	 ]*\([_A-Za-z][_A-Za-z0-9]*\)$/\1 \2 \2/p'\'' | sed '\''/ __gnu_lto/d'\'''
lt_cv_sys_global_symbol_to_c_name_address='sed -n -e '\''s/^: \(.*\) .*$/  {"\1", (void *) 0},/p'\'' -e '\''s/^[ABCDGIRSTW][ABCDGIRSTW]* .* \(.*\)$/  {"\1", (void *) \&\1},/p'\'''
lt_cv_sys_global_symbol_to_c_name_address_lib_prefix='sed -n -e '\''s/^: \(.*\) .*$/  {"\1", (void *) 0},/p'\'' -e '\''s/^[ABCDGIRSTW][ABCDGIRSTW]* .* \(lib.*\)$/  {"\1", (void *) \&\1},/p'\'' -e '\''s/^[ABCDGIRSTW][ABCDGIRSTW]* .* \(.*\)$/  {"lib\1", (void *) \&\1},/p'\'''
lt_cv_sys_global_symbol_to_cdecl='sed -n -e '\''s/^T .* \(.*\)$/extern int \1();/p'\'' -e '\''s/^[ABCDGIRSTW][ABCDGIRSTW]* .* \(.*\)$/extern char \1;/p'\'''
lt_cv_sys_global_symbol_to_import=
lt_cv_sys_max_cmd_len=1572864
lt_cv_to_host_file_cmd=func_convert_file_noop
lt_cv_to_tool_file_cmd=func_convert_file_noop
lt_cv_truncate_bin='/bin/dd bs=4096 count=1'

## ----------------- ##
## Output variables. ##
## ----------------- ##

ACLOCAL='${SHELL} /home/lokyin/tmp/tmp.ssm3gXY4Em/lib/delta/lib/xdelta3/missing aclocal-1.15'
AMDEPBACKSLASH='\'
AMDEP_FALSE='#'
AMDEP_TRUE=''
AMTAR='$${TAR-tar}'
AM_BACKSLASH='\'
AM_DEFAULT_V='$(AM_DEFAULT_VERBOSITY)'
AM_DEFAULT_VERBOSITY='1'
AM_V='$(V)'
AR='ar'
AUTOCONF='${SHELL} /home/lokyin/tmp/tmp.ssm3gXY4Em/lib/delta/lib/xdelta3/missing autoconf'
AUTOHEADER='${SHELL} /home/lokyin/tmp/tmp.ssm3gXY4Em/lib/delta/lib/xdelta3/missing autoheader'
AUTOMAKE='${SHELL} /home/lokyin/tmp/tmp.ssm3gXY4Em/lib/delta/lib/xdelta3/missing automake-1.15'
AWK='gawk'
CC='gcc'
CCDEPMODE='depmode=gcc3'
CFLAGS='-w'
CPP='gcc -E'
CPPFLAGS=''
CXX='g++'
CXXCPP='g++ -E'
CXXDEPMODE='depmode=gcc3'
CXXFLAGS='-w'
CYGPATH_W='echo'
DEBUG_SYMBOLS_FALSE=''
DEBUG_SYMBOLS_TRUE='#'
DEFS='-DHAVE_CONFIG_H'
DEPDIR='.deps'
DLLTOOL='false'
DSYMUTIL=''
DUMPBIN=''
ECHO_C=''
ECHO_N='-n'
ECHO_T=''
EGREP='/bin/grep -E'
EXEEXT=''
FGREP='/bin/grep -F'
GREP='/bin/grep'
INSTALL_DATA='${INSTALL} -m 644'
INSTALL_PROGRAM='${INSTALL}'
INSTALL_SCRIPT='${INSTALL}'
INSTALL_STRIP_PROGRAM='$(install_sh) -c -s'
LD='/usr/bin/ld -m elf_x86_64'
LDFLAGS=''
LIBOBJS=''
LIBS=''
LIBTOOL='$(SHELL) $(top_builddir)/libtool'
LIPO=''
LN_S='ln -s'
LTLIBOBJS=''
LT_SYS_LIBRARY_PATH=''
MAKEINFO='${SHELL} /home/lokyin/tmp/tmp.ssm3gXY4Em/lib/delta/lib/xdelta3/missing makeinfo'
MANIFEST_TOOL=':'
MKDIR_P='/bin/mkdir -p'
NM='/usr/bin/nm -B'
NMEDIT=''
OBJDUMP='objdump'
OBJEXT='o'
OTOOL64=''
OTOOL=''
PACKAGE='xdelta3'
PACKAGE_BUGREPORT='josh.macdonald@gmail.com'
PACKAGE_NAME='Xdelta3'
PACKAGE_STRING='Xdelta3 3.1.1'
PACKAGE_TARNAME='xdelta3'
PACKAGE_URL='http://xdelta.org/'
PACKAGE_VERSION='3.1.1'
PATH_SEPARATOR=':'
RANLIB='ranlib'
SED='/bin/sed'
SET_MAKE=''
SHELL='/bin/bash'
STRIP='strip'
VERSION='3.1.1'
ac_ct_AR='ar'
ac_ct_CC='gcc'
ac_ct_CXX='g++'
ac_ct_DUMPBIN=''
am__EXEEXT_FALSE=''
am__EXEEXT_TRUE='#'
am__fastdepCC_FALSE='#'
am__fastdepCC_TRUE=''
am__fastdepCXX_FALSE='#'
am__fastdepCXX_TRUE=''
am__include='include'
am__isrc=''
am__leading_dot='.'
am__nodep='_no'
am__quote=''
am__tar='tar --format=ustar -chf - "$$tardir"'
am__untar='tar -xf -'
bindir='${exec_prefix}/bin'
build='x86_64-pc-linux-gnu'
build_alias=''
build_cpu='x86_64'
build_os='linux-gnu'
build_vendor='pc'
datadir='${datarootdir}'
datarootdir='${prefix}/share'
docdir='${datarootdir}/doc/${PACKAGE_TARNAME}'
dvidir='${docdir}'
exec_prefix='${prefix}'
host='x86_64-pc-linux-gnu'
host_alias=''
host_cpu='x86_64'
host_os='linux-gnu'
host_vendor='pc'
htmldir='${docdir}'
includedir='${prefix}/include'
infodir='${datarootdir}/info'
install_sh='${SHELL} /home/lokyin/tmp/tmp.ssm3gXY4Em/lib/delta/lib/xdelta3/install-sh'
libdir='${exec_prefix}/lib'
libexecdir='${exec_prefix}/libexec'
localedir='${datarootdir}/locale'
localstatedir='${prefix}/var'
mandir='${datarootdir}/man'
mkdir_p='$(MKDIR_P)'
oldincludedir='/usr/include'
pdfdir='${docdir}'
prefix='/usr/local'
program_transform_name='s,x,x,'
psdir='${docdir}'
runstatedir='${localstatedir}/run'
sbindir='${exec_prefix}/sbin'
sharedstatedir='${prefix}/com'
sysconfdir='${prefix}/etc'
target_alias=''

## ----------- ##
## confdefs.h. ##
## ----------- ##

/* confdefs.h */
#define PACKAGE_NAME "Xdelta3"
#define PACKAGE_TARNAME "xdelta3"
#define PACKAGE_VERSION "3.1.1"
#define PACKAGE_STRING "Xdelta3 3.1.1"
#define PACKAGE_BUGREPORT "josh.macdonald@gmail.com"
#define PACKAGE_URL "http://xdelta.org/"
#define STDC_HEADERS 1
#define HAVE_SYS_TYPES_H 1
#define HAVE_SYS_STAT_H 1
#define HAVE_STDLIB_H 1
#define HAVE_STRING_H 1
#define HAVE_MEMORY_H 1
#define HAVE_STRINGS_H 1
#define HAVE_INTTYPES_H 1
#define HAVE_STDINT_H 1
#define HAVE_UNISTD_H 1
#define HAVE_DLFCN_H 1
#define LT_OBJDIR ".libs/"
#define SIZEOF_SIZE_T 8
#define SIZEOF_UNSIGNED_INT 4
#define SIZEOF_UNSIGNED_LONG 8
#define SIZEOF_UNSIGNED_LONG_LONG 8

configure: exit 0
